Error: CCI compilation error -c:\projects\perfomance lab\election\uc01_election_ogdanets\\pre_cci.c: Election_results.c:138: error: syntax error; found `for' expecting `;'.	[MsgId: MERR-19799]
Error: CCI compilation error -c:\projects\perfomance lab\election\uc01_election_ogdanets\\pre_cci.c: Election_results.c:141: warning: missing return value.	[MsgId: MERR-19799]
Error: CCI compilation error -c:\projects\perfomance lab\election\uc01_election_ogdanets\\pre_cci.c: Election_results.c:142: error: unrecognized declaration.	[MsgId: MERR-19799]
Error: CCI compilation error -c:\projects\perfomance lab\election\uc01_election_ogdanets\\pre_cci.c: Election_results.c:187: error: syntax error; found "UC01_TR06_UIKs ... expecting `)'.	[MsgId: MERR-19799]
Error: CCI compilation error -c:\projects\perfomance lab\election\uc01_election_ogdanets\\pre_cci.c: Election_results.c:187: error: skipping "UC01_TR06_UIKs ... `,' `2'.	[MsgId: MERR-19799]
Error: CCI compilation error -c:\projects\perfomance lab\election\uc01_election_ogdanets\\pre_cci.c: Election_results.c:189: error: unrecognized declaration.	[MsgId: MERR-19799]
Error: CCI compilation error -c:\projects\perfomance lab\election\uc01_election_ogdanets\\pre_cci.c: Election_results.c:189: error: unrecognized declaration.	[MsgId: MERR-19799]
Error: CCI compilation error -c:\projects\perfomance lab\election\uc01_election_ogdanets\\pre_cci.c: Election_results.c:189: warning: empty declaration.	[MsgId: MERR-19799]
Error: CCI compilation error -c:\projects\perfomance lab\election\uc01_election_ogdanets\\pre_cci.c: Election_results.c:190: error: unrecognized declaration.	[MsgId: MERR-19799]
Error: CCI compilation error -c:\projects\perfomance lab\election\uc01_election_ogdanets\\pre_cci.c: c:\\projects\\perfomance lab\\election\\uc01_election_ogdanets\\\\combined_UC01_Election_Ogdanets.c:7: error: 7 errors, not writing pre_cci.ci.	[MsgId: MERR-19799]
Error: Vuser compilation failed. Please set CCIDebug to Off in CCI section of mdrv.dat file.	[MsgId: MERR-19797]
Warning: Extension cciext.dll reports error -19797 on call to function ExtPerProcessInitialize	[MsgId: MWAR-10485]
Error: Thread Context: Call to service of the driver failed, reason - thread context wasn't initialized on this thread.	[MsgId: MERR-10176]
